CRITICAL - 2022-12-04 19:39:18 --> Invalid file: client/insertClient.php
in SYSTEMPATH/Exceptions/FrameworkException.php on line 33.
 1 SYSTEMPATH/View/View.php(201): CodeIgniter\Exceptions\FrameworkException::forInvalidFile('client/insertClient.php')
 2 SYSTEMPATH/Common.php(1134): CodeIgniter\View\View->render('client/insertClient', [], true)
 3 APPPATH/Controllers/Client.php(31): view('client/insertClient', [...])
 4 SYSTEMPATH/CodeIgniter.php(927): App\Controllers\Client->insertClient()
 5 SYSTEMPATH/CodeIgniter.php(482): CodeIgniter\CodeIgniter->runController(Object(App\Controllers\Client))
 6 SYSTEMPATH/CodeIgniter.php(351): CodeIgniter\CodeIgniter->handleRequest(null, Object(Config\Cache), false)
 7 FCPATH/index.php(67): CodeIgniter\CodeIgniter->run()
CRITICAL - 2022-12-04 19:41:27 --> Invalid file: client/insertClient.php
in SYSTEMPATH/Exceptions/FrameworkException.php on line 33.
 1 SYSTEMPATH/View/View.php(201): CodeIgniter\Exceptions\FrameworkException::forInvalidFile('client/insertClient.php')
 2 SYSTEMPATH/Common.php(1134): CodeIgniter\View\View->render('client/insertClient', [], true)
 3 APPPATH/Controllers/Client.php(31): view('client/insertClient', [...])
 4 SYSTEMPATH/CodeIgniter.php(927): App\Controllers\Client->insertClient()
 5 SYSTEMPATH/CodeIgniter.php(482): CodeIgniter\CodeIgniter->runController(Object(App\Controllers\Client))
 6 SYSTEMPATH/CodeIgniter.php(351): CodeIgniter\CodeIgniter->handleRequest(null, Object(Config\Cache), false)
 7 FCPATH/index.php(67): CodeIgniter\CodeIgniter->run()
CRITICAL - 2022-12-04 19:47:49 --> file_get_contents(/var/www/html/codeigniter4/writable/debugbar/debugbar_1670204867.188162.json): Failed to open stream: Permission denied
in SYSTEMPATH/Debug/Toolbar/Collectors/History.php on line 82.
 1 [internal function]: CodeIgniter\Debug\Exceptions->errorHandler(2, 'file_get_contents(/var/www/html/codeigniter4/writable/debugbar/debugbar_1670204867.188162.json): Failed to open stream: Permission denied', 'SYSTEMPATH/Debug/Toolbar/Collectors/History.php', 82)
 2 SYSTEMPATH/Debug/Toolbar/Collectors/History.php(82): file_get_contents('ROOTPATH/writable/debugbar/debugbar_1670204867.188162.json')
 3 SYSTEMPATH/Debug/Toolbar.php(499): CodeIgniter\Debug\Toolbar\Collectors\History->setFiles('1670204867.188162', 20)
 4 SYSTEMPATH/Debug/Toolbar.php(476): CodeIgniter\Debug\Toolbar->format([...], 'html')
 5 APPPATH/Config/Events.php(46): CodeIgniter\Debug\Toolbar->respond()
 6 SYSTEMPATH/Events/Events.php(149): CodeIgniter\Events\Events::Config\{closure}()
 7 SYSTEMPATH/CodeIgniter.php(328): CodeIgniter\Events\Events::trigger('pre_system')
 8 FCPATH/index.php(67): CodeIgniter\CodeIgniter->run()
