CRITICAL - 2022-11-29 18:34:15 --> Too few arguments to function App\Controllers\Admin\Client::searchClient(), 0 passed in /var/www/html/codeigniter4/system/CodeIgniter.php on line 927 and exactly 1 expected
in APPPATH/Controllers/Admin/Client.php on line 70.
 1 SYSTEMPATH/CodeIgniter.php(927): App\Controllers\Admin\Client->searchClient()
 2 SYSTEMPATH/CodeIgniter.php(482): CodeIgniter\CodeIgniter->runController(Object(App\Controllers\Admin\Client))
 3 SYSTEMPATH/CodeIgniter.php(351): CodeIgniter\CodeIgniter->handleRequest(null, Object(Config\Cache), false)
 4 FCPATH/index.php(67): CodeIgniter\CodeIgniter->run()
CRITICAL - 2022-11-29 18:35:26 --> Too few arguments to function App\Controllers\Admin\Client::searchClient(), 0 passed in /var/www/html/codeigniter4/system/CodeIgniter.php on line 927 and exactly 1 expected
in APPPATH/Controllers/Admin/Client.php on line 70.
 1 SYSTEMPATH/CodeIgniter.php(927): App\Controllers\Admin\Client->searchClient()
 2 SYSTEMPATH/CodeIgniter.php(482): CodeIgniter\CodeIgniter->runController(Object(App\Controllers\Admin\Client))
 3 SYSTEMPATH/CodeIgniter.php(351): CodeIgniter\CodeIgniter->handleRequest(null, Object(Config\Cache), false)
 4 FCPATH/index.php(67): CodeIgniter\CodeIgniter->run()
CRITICAL - 2022-11-29 18:35:52 --> Too few arguments to function App\Controllers\Admin\Client::searchClient(), 0 passed in /var/www/html/codeigniter4/system/CodeIgniter.php on line 927 and exactly 1 expected
in APPPATH/Controllers/Admin/Client.php on line 70.
 1 SYSTEMPATH/CodeIgniter.php(927): App\Controllers\Admin\Client->searchClient()
 2 SYSTEMPATH/CodeIgniter.php(482): CodeIgniter\CodeIgniter->runController(Object(App\Controllers\Admin\Client))
 3 SYSTEMPATH/CodeIgniter.php(351): CodeIgniter\CodeIgniter->handleRequest(null, Object(Config\Cache), false)
 4 FCPATH/index.php(67): CodeIgniter\CodeIgniter->run()
CRITICAL - 2022-11-29 18:37:03 --> Call to undefined method App\Models\ClientModel::getClientsFor
in SYSTEMPATH/Model.php on line 774.
 1 APPPATH/Controllers/Admin/Client.php(73): CodeIgniter\Model->__call('getClientsFor', [])
 2 SYSTEMPATH/CodeIgniter.php(927): App\Controllers\Admin\Client->searchClient()
 3 SYSTEMPATH/CodeIgniter.php(482): CodeIgniter\CodeIgniter->runController(Object(App\Controllers\Admin\Client))
 4 SYSTEMPATH/CodeIgniter.php(351): CodeIgniter\CodeIgniter->handleRequest(null, Object(Config\Cache), false)
 5 FCPATH/index.php(67): CodeIgniter\CodeIgniter->run()
CRITICAL - 2022-11-29 18:38:53 --> Call to undefined method App\Models\ClientModel::getClientsFor
in SYSTEMPATH/Model.php on line 774.
 1 APPPATH/Controllers/Admin/Client.php(73): CodeIgniter\Model->__call('getClientsFor', [...])
 2 SYSTEMPATH/CodeIgniter.php(927): App\Controllers\Admin\Client->searchClient()
 3 SYSTEMPATH/CodeIgniter.php(482): CodeIgniter\CodeIgniter->runController(Object(App\Controllers\Admin\Client))
 4 SYSTEMPATH/CodeIgniter.php(351): CodeIgniter\CodeIgniter->handleRequest(null, Object(Config\Cache), false)
 5 FCPATH/index.php(67): CodeIgniter\CodeIgniter->run()
CRITICAL - 2022-11-29 18:38:59 --> Call to undefined method App\Models\ClientModel::getClientsFor
in SYSTEMPATH/Model.php on line 774.
 1 APPPATH/Controllers/Admin/Client.php(73): CodeIgniter\Model->__call('getClientsFor', [...])
 2 SYSTEMPATH/CodeIgniter.php(927): App\Controllers\Admin\Client->searchClient()
 3 SYSTEMPATH/CodeIgniter.php(482): CodeIgniter\CodeIgniter->runController(Object(App\Controllers\Admin\Client))
 4 SYSTEMPATH/CodeIgniter.php(351): CodeIgniter\CodeIgniter->handleRequest(null, Object(Config\Cache), false)
 5 FCPATH/index.php(67): CodeIgniter\CodeIgniter->run()
CRITICAL - 2022-11-29 18:39:58 --> Call to undefined method App\Models\ClientModel::searchArray
in SYSTEMPATH/Model.php on line 774.
 1 APPPATH/Models/ClientModel.php(15): CodeIgniter\Model->__call('searchArray', [])
 2 APPPATH/Controllers/Admin/Client.php(73): App\Models\ClientModel->getClientsFor('JOAO')
 3 SYSTEMPATH/CodeIgniter.php(927): App\Controllers\Admin\Client->searchClient()
 4 SYSTEMPATH/CodeIgniter.php(482): CodeIgniter\CodeIgniter->runController(Object(App\Controllers\Admin\Client))
 5 SYSTEMPATH/CodeIgniter.php(351): CodeIgniter\CodeIgniter->handleRequest(null, Object(Config\Cache), false)
 6 FCPATH/index.php(67): CodeIgniter\CodeIgniter->run()
CRITICAL - 2022-11-29 18:40:55 --> Invalid file: admin/client/searchClient.php
in SYSTEMPATH/Exceptions/FrameworkException.php on line 33.
 1 SYSTEMPATH/View/View.php(201): CodeIgniter\Exceptions\FrameworkException::forInvalidFile('admin/client/searchClient.php')
 2 SYSTEMPATH/Common.php(1134): CodeIgniter\View\View->render('admin/client/searchClient', [], true)
 3 APPPATH/Controllers/Admin/Client.php(76): view('admin/client/searchClient', [...])
 4 SYSTEMPATH/CodeIgniter.php(927): App\Controllers\Admin\Client->searchClient()
 5 SYSTEMPATH/CodeIgniter.php(482): CodeIgniter\CodeIgniter->runController(Object(App\Controllers\Admin\Client))
 6 SYSTEMPATH/CodeIgniter.php(351): CodeIgniter\CodeIgniter->handleRequest(null, Object(Config\Cache), false)
 7 FCPATH/index.php(67): CodeIgniter\CodeIgniter->run()
CRITICAL - 2022-11-29 18:41:45 --> Undefined variable $arrayClients
in APPPATH/Views/admin/client/listClients.php on line 21.
 1 APPPATH/Views/admin/client/listClients.php(21): CodeIgniter\Debug\Exceptions->errorHandler(2, 'Undefined variable $arrayClients', 'APPPATH/Views/admin/client/listClients.php', 21)
 2 SYSTEMPATH/View/View.php(213): include('APPPATH/Views/admin/client/listClients.php')
 3 SYSTEMPATH/View/View.php(216): CodeIgniter\View\View->CodeIgniter\View\{closure}()
 4 SYSTEMPATH/Common.php(1134): CodeIgniter\View\View->render('admin/client/listClients', [], true)
 5 APPPATH/Controllers/Admin/Client.php(76): view('admin/client/listClients', [...])
 6 SYSTEMPATH/CodeIgniter.php(927): App\Controllers\Admin\Client->searchClient()
 7 SYSTEMPATH/CodeIgniter.php(482): CodeIgniter\CodeIgniter->runController(Object(App\Controllers\Admin\Client))
 8 SYSTEMPATH/CodeIgniter.php(351): CodeIgniter\CodeIgniter->handleRequest(null, Object(Config\Cache), false)
 9 FCPATH/index.php(67): CodeIgniter\CodeIgniter->run()
CRITICAL - 2022-11-29 18:42:15 --> Undefined variable $arrayClient
in APPPATH/Views/admin/client/listClients.php on line 21.
 1 APPPATH/Views/admin/client/listClients.php(21): CodeIgniter\Debug\Exceptions->errorHandler(2, 'Undefined variable $arrayClient', 'APPPATH/Views/admin/client/listClients.php', 21)
 2 SYSTEMPATH/View/View.php(213): include('APPPATH/Views/admin/client/listClients.php')
 3 SYSTEMPATH/View/View.php(216): CodeIgniter\View\View->CodeIgniter\View\{closure}()
 4 SYSTEMPATH/Common.php(1134): CodeIgniter\View\View->render('admin/client/listClients', [], true)
 5 APPPATH/Controllers/Admin/Client.php(76): view('admin/client/listClients', [...])
 6 SYSTEMPATH/CodeIgniter.php(927): App\Controllers\Admin\Client->searchClient()
 7 SYSTEMPATH/CodeIgniter.php(482): CodeIgniter\CodeIgniter->runController(Object(App\Controllers\Admin\Client))
 8 SYSTEMPATH/CodeIgniter.php(351): CodeIgniter\CodeIgniter->handleRequest(null, Object(Config\Cache), false)
 9 FCPATH/index.php(67): CodeIgniter\CodeIgniter->run()
CRITICAL - 2022-11-29 18:42:20 --> Undefined variable $arrayClient
in APPPATH/Views/admin/client/listClients.php on line 21.
 1 APPPATH/Views/admin/client/listClients.php(21): CodeIgniter\Debug\Exceptions->errorHandler(2, 'Undefined variable $arrayClient', 'APPPATH/Views/admin/client/listClients.php', 21)
 2 SYSTEMPATH/View/View.php(213): include('APPPATH/Views/admin/client/listClients.php')
 3 SYSTEMPATH/View/View.php(216): CodeIgniter\View\View->CodeIgniter\View\{closure}()
 4 SYSTEMPATH/Common.php(1134): CodeIgniter\View\View->render('admin/client/listClients', [], true)
 5 APPPATH/Controllers/Admin/Client.php(17): view('admin/client/listClients', [...])
 6 SYSTEMPATH/CodeIgniter.php(927): App\Controllers\Admin\Client->listClients()
 7 SYSTEMPATH/CodeIgniter.php(482): CodeIgniter\CodeIgniter->runController(Object(App\Controllers\Admin\Client))
 8 SYSTEMPATH/CodeIgniter.php(351): CodeIgniter\CodeIgniter->handleRequest(null, Object(Config\Cache), false)
 9 FCPATH/index.php(67): CodeIgniter\CodeIgniter->run()
CRITICAL - 2022-11-29 18:42:31 --> Undefined variable $arrayClient
in APPPATH/Views/admin/client/listClients.php on line 21.
 1 APPPATH/Views/admin/client/listClients.php(21): CodeIgniter\Debug\Exceptions->errorHandler(2, 'Undefined variable $arrayClient', 'APPPATH/Views/admin/client/listClients.php', 21)
 2 SYSTEMPATH/View/View.php(213): include('APPPATH/Views/admin/client/listClients.php')
 3 SYSTEMPATH/View/View.php(216): CodeIgniter\View\View->CodeIgniter\View\{closure}()
 4 SYSTEMPATH/Common.php(1134): CodeIgniter\View\View->render('admin/client/listClients', [], true)
 5 APPPATH/Controllers/Admin/Client.php(17): view('admin/client/listClients', [...])
 6 SYSTEMPATH/CodeIgniter.php(927): App\Controllers\Admin\Client->listClients()
 7 SYSTEMPATH/CodeIgniter.php(482): CodeIgniter\CodeIgniter->runController(Object(App\Controllers\Admin\Client))
 8 SYSTEMPATH/CodeIgniter.php(351): CodeIgniter\CodeIgniter->handleRequest(null, Object(Config\Cache), false)
 9 FCPATH/index.php(67): CodeIgniter\CodeIgniter->run()
CRITICAL - 2022-11-29 18:42:34 --> Undefined variable $arrayClient
in APPPATH/Views/admin/client/listClients.php on line 21.
 1 APPPATH/Views/admin/client/listClients.php(21): CodeIgniter\Debug\Exceptions->errorHandler(2, 'Undefined variable $arrayClient', 'APPPATH/Views/admin/client/listClients.php', 21)
 2 SYSTEMPATH/View/View.php(213): include('APPPATH/Views/admin/client/listClients.php')
 3 SYSTEMPATH/View/View.php(216): CodeIgniter\View\View->CodeIgniter\View\{closure}()
 4 SYSTEMPATH/Common.php(1134): CodeIgniter\View\View->render('admin/client/listClients', [], true)
 5 APPPATH/Controllers/Admin/Client.php(17): view('admin/client/listClients', [...])
 6 SYSTEMPATH/CodeIgniter.php(927): App\Controllers\Admin\Client->listClients()
 7 SYSTEMPATH/CodeIgniter.php(482): CodeIgniter\CodeIgniter->runController(Object(App\Controllers\Admin\Client))
 8 SYSTEMPATH/CodeIgniter.php(351): CodeIgniter\CodeIgniter->handleRequest(null, Object(Config\Cache), false)
 9 FCPATH/index.php(67): CodeIgniter\CodeIgniter->run()
CRITICAL - 2022-11-29 18:42:35 --> Undefined variable $arrayClient
in APPPATH/Views/admin/client/listClients.php on line 21.
 1 APPPATH/Views/admin/client/listClients.php(21): CodeIgniter\Debug\Exceptions->errorHandler(2, 'Undefined variable $arrayClient', 'APPPATH/Views/admin/client/listClients.php', 21)
 2 SYSTEMPATH/View/View.php(213): include('APPPATH/Views/admin/client/listClients.php')
 3 SYSTEMPATH/View/View.php(216): CodeIgniter\View\View->CodeIgniter\View\{closure}()
 4 SYSTEMPATH/Common.php(1134): CodeIgniter\View\View->render('admin/client/listClients', [], true)
 5 APPPATH/Controllers/Admin/Client.php(17): view('admin/client/listClients', [...])
 6 SYSTEMPATH/CodeIgniter.php(927): App\Controllers\Admin\Client->listClients()
 7 SYSTEMPATH/CodeIgniter.php(482): CodeIgniter\CodeIgniter->runController(Object(App\Controllers\Admin\Client))
 8 SYSTEMPATH/CodeIgniter.php(351): CodeIgniter\CodeIgniter->handleRequest(null, Object(Config\Cache), false)
 9 FCPATH/index.php(67): CodeIgniter\CodeIgniter->run()
CRITICAL - 2022-11-29 18:42:54 --> Undefined variable $arrayClients
in APPPATH/Views/admin/client/listClients.php on line 21.
 1 APPPATH/Views/admin/client/listClients.php(21): CodeIgniter\Debug\Exceptions->errorHandler(2, 'Undefined variable $arrayClients', 'APPPATH/Views/admin/client/listClients.php', 21)
 2 SYSTEMPATH/View/View.php(213): include('APPPATH/Views/admin/client/listClients.php')
 3 SYSTEMPATH/View/View.php(216): CodeIgniter\View\View->CodeIgniter\View\{closure}()
 4 SYSTEMPATH/Common.php(1134): CodeIgniter\View\View->render('admin/client/listClients', [], true)
 5 APPPATH/Controllers/Admin/Client.php(76): view('admin/client/listClients', [...])
 6 SYSTEMPATH/CodeIgniter.php(927): App\Controllers\Admin\Client->searchClient()
 7 SYSTEMPATH/CodeIgniter.php(482): CodeIgniter\CodeIgniter->runController(Object(App\Controllers\Admin\Client))
 8 SYSTEMPATH/CodeIgniter.php(351): CodeIgniter\CodeIgniter->handleRequest(null, Object(Config\Cache), false)
 9 FCPATH/index.php(67): CodeIgniter\CodeIgniter->run()
CRITICAL - 2022-11-29 18:43:50 --> Undefined variable $asArray
in APPPATH/Views/admin/client/listClients.php on line 21.
 1 APPPATH/Views/admin/client/listClients.php(21): CodeIgniter\Debug\Exceptions->errorHandler(2, 'Undefined variable $asArray', 'APPPATH/Views/admin/client/listClients.php', 21)
 2 SYSTEMPATH/View/View.php(213): include('APPPATH/Views/admin/client/listClients.php')
 3 SYSTEMPATH/View/View.php(216): CodeIgniter\View\View->CodeIgniter\View\{closure}()
 4 SYSTEMPATH/Common.php(1134): CodeIgniter\View\View->render('admin/client/listClients', [], true)
 5 APPPATH/Controllers/Admin/Client.php(17): view('admin/client/listClients', [...])
 6 SYSTEMPATH/CodeIgniter.php(927): App\Controllers\Admin\Client->listClients()
 7 SYSTEMPATH/CodeIgniter.php(482): CodeIgniter\CodeIgniter->runController(Object(App\Controllers\Admin\Client))
 8 SYSTEMPATH/CodeIgniter.php(351): CodeIgniter\CodeIgniter->handleRequest(null, Object(Config\Cache), false)
 9 FCPATH/index.php(67): CodeIgniter\CodeIgniter->run()
CRITICAL - 2022-11-29 18:43:57 --> Undefined variable $asArray
in APPPATH/Views/admin/client/listClients.php on line 21.
 1 APPPATH/Views/admin/client/listClients.php(21): CodeIgniter\Debug\Exceptions->errorHandler(2, 'Undefined variable $asArray', 'APPPATH/Views/admin/client/listClients.php', 21)
 2 SYSTEMPATH/View/View.php(213): include('APPPATH/Views/admin/client/listClients.php')
 3 SYSTEMPATH/View/View.php(216): CodeIgniter\View\View->CodeIgniter\View\{closure}()
 4 SYSTEMPATH/Common.php(1134): CodeIgniter\View\View->render('admin/client/listClients', [], true)
 5 APPPATH/Controllers/Admin/Client.php(17): view('admin/client/listClients', [...])
 6 SYSTEMPATH/CodeIgniter.php(927): App\Controllers\Admin\Client->listClients()
 7 SYSTEMPATH/CodeIgniter.php(482): CodeIgniter\CodeIgniter->runController(Object(App\Controllers\Admin\Client))
 8 SYSTEMPATH/CodeIgniter.php(351): CodeIgniter\CodeIgniter->handleRequest(null, Object(Config\Cache), false)
 9 FCPATH/index.php(67): CodeIgniter\CodeIgniter->run()
CRITICAL - 2022-11-29 18:44:13 --> Undefined variable $arrayClients
in APPPATH/Views/admin/client/listClients.php on line 21.
 1 APPPATH/Views/admin/client/listClients.php(21): CodeIgniter\Debug\Exceptions->errorHandler(2, 'Undefined variable $arrayClients', 'APPPATH/Views/admin/client/listClients.php', 21)
 2 SYSTEMPATH/View/View.php(213): include('APPPATH/Views/admin/client/listClients.php')
 3 SYSTEMPATH/View/View.php(216): CodeIgniter\View\View->CodeIgniter\View\{closure}()
 4 SYSTEMPATH/Common.php(1134): CodeIgniter\View\View->render('admin/client/listClients', [], true)
 5 APPPATH/Controllers/Admin/Client.php(76): view('admin/client/listClients', [...])
 6 SYSTEMPATH/CodeIgniter.php(927): App\Controllers\Admin\Client->searchClient()
 7 SYSTEMPATH/CodeIgniter.php(482): CodeIgniter\CodeIgniter->runController(Object(App\Controllers\Admin\Client))
 8 SYSTEMPATH/CodeIgniter.php(351): CodeIgniter\CodeIgniter->handleRequest(null, Object(Config\Cache), false)
 9 FCPATH/index.php(67): CodeIgniter\CodeIgniter->run()
